[debug] [2018-09-27T09:41:40.444Z] ----------------------------------------------------------------------
[debug] [2018-09-27T09:41:40.447Z] Command:       C:\Program Files\nodejs\node.exe C:\Users\Gaurav Arora\AppData\Roaming\npm\node_modules\firebase-tools\bin\firebase serve --only functions
[debug] [2018-09-27T09:41:40.447Z] CLI Version:   4.2.1
[debug] [2018-09-27T09:41:40.447Z] Platform:      win32
[debug] [2018-09-27T09:41:40.447Z] Node Version:  v8.11.4
[debug] [2018-09-27T09:41:40.448Z] Time:          Thu Sep 27 2018 15:11:40 GMT+0530 (India Standard Time)
[debug] [2018-09-27T09:41:40.448Z] ----------------------------------------------------------------------
[debug] 
[debug] [2018-09-27T09:41:40.523Z] > command requires scopes: ["email","openid","https://www.googleapis.com/auth/cloudplatformprojects.readonly","https://www.googleapis.com/auth/firebase","https://www.googleapis.com/auth/cloud-platform"]
[debug] [2018-09-27T09:41:40.525Z] > authorizing via signed-in user
[debug] [2018-09-27T09:41:40.527Z] > refreshing access token with scopes: ["email","https://www.googleapis.com/auth/cloud-platform","https://www.googleapis.com/auth/cloudplatformprojects.readonly","https://www.googleapis.com/auth/firebase","openid"]
[debug] [2018-09-27T09:41:40.527Z] >>> HTTP REQUEST POST https://www.googleapis.com/oauth2/v3/token  

[debug] [2018-09-27T09:41:41.422Z] <<< HTTP RESPONSE 200
[debug] [2018-09-27T09:41:41.501Z] >>> HTTP REQUEST GET https://admin.firebase.com/v1/projects/loginapi123  
 
[debug] [2018-09-27T09:41:44.085Z] <<< HTTP RESPONSE 200
[debug] [2018-09-27T09:41:44.086Z] >>> HTTP REQUEST GET https://cloudresourcemanager.googleapis.com/v1/projects/loginapi123  
 
[debug] [2018-09-27T09:41:46.494Z] <<< HTTP RESPONSE 200
[info] 
[info] === Serving from 'F:\loginApi'...
[info] 
[info] i  functions: Preparing to emulate functions.
[debug] [2018-09-27T09:41:59.396Z] Fetching environment
[debug] [2018-09-27T09:41:59.398Z] >>> HTTP REQUEST GET https://mobilesdk-pa.googleapis.com/v1/projects/223911079496:getServerAppConfig  
 
[debug] [2018-09-27T09:42:00.480Z] <<< HTTP RESPONSE 200
[debug] [2018-09-27T09:42:00.480Z] Starting @google-cloud/functions-emulator
[debug] [2018-09-27T09:42:06.719Z] Parsing function triggers
[info] +  functions: signUp: http://localhost:5000/loginapi123/us-central1/signUp
[info] +  functions: trial: http://localhost:5000/loginapi123/us-central1/trial
[info] +  functions: sayHi: http://localhost:5000/loginapi123/us-central1/sayHi
[info] +  functions: googleLogin: http://localhost:5000/loginapi123/us-central1/googleLogin
