[debug] [2018-10-15T16:37:11.824Z] ----------------------------------------------------------------------
[debug] [2018-10-15T16:37:11.831Z] Command:       C:\Program Files\nodejs\node.exe C:\Users\Gaurav Arora\AppData\Roaming\npm\node_modules\firebase-tools\bin\firebase serve --only functions
[debug] [2018-10-15T16:37:11.831Z] CLI Version:   5.0.1
[debug] [2018-10-15T16:37:11.831Z] Platform:      win32
[debug] [2018-10-15T16:37:11.831Z] Node Version:  v8.11.4
[debug] [2018-10-15T16:37:11.833Z] Time:          Mon Oct 15 2018 22:07:11 GMT+0530 (India Standard Time)
[debug] [2018-10-15T16:37:11.833Z] ----------------------------------------------------------------------
[debug] 
[debug] [2018-10-15T16:37:11.853Z] > command requires scopes: ["email","openid","https://www.googleapis.com/auth/cloudplatformprojects.readonly","https://www.googleapis.com/auth/firebase","https://www.googleapis.com/auth/cloud-platform"]
[debug] [2018-10-15T16:37:11.855Z] > authorizing via signed-in user
[debug] [2018-10-15T16:37:11.855Z] [iam] checking project techspardha-87928 for permissions ["firebase.projects.get"]
[debug] [2018-10-15T16:37:11.860Z] > refreshing access token with scopes: ["email","https://www.googleapis.com/auth/cloud-platform","https://www.googleapis.com/auth/cloudplatformprojects.readonly","https://www.googleapis.com/auth/firebase","openid"]
[debug] [2018-10-15T16:37:11.861Z] >>> HTTP REQUEST POST https://www.googleapis.com/oauth2/v3/token  
 <request body omitted>
[debug] [2018-10-15T16:37:12.466Z] <<< HTTP RESPONSE 200
[debug] [2018-10-15T16:37:12.524Z] >>> HTTP REQUEST POST https://cloudresourcemanager.googleapis.com/v1/projects/techspardha-87928:testIamPermissions  

[debug] [2018-10-15T16:37:14.707Z] <<< HTTP RESPONSE 200
[debug] [2018-10-15T16:37:14.708Z] >>> HTTP REQUEST GET https://cloudresourcemanager.googleapis.com/v1/projects/techspardha-87928  
 
[debug] [2018-10-15T16:37:16.550Z] <<< HTTP RESPONSE 200
[info] 
[info] === Serving from 'F:\TechPrime-Website'...
[info] 
[info] i  functions: Preparing to emulate functions.
[debug] [2018-10-15T16:37:18.633Z] Fetching environment
[debug] [2018-10-15T16:37:18.639Z] >>> HTTP REQUEST GET https://mobilesdk-pa.googleapis.com/v1/projects/14707849805:getServerAppConfig  
 
[debug] [2018-10-15T16:37:19.519Z] <<< HTTP RESPONSE 200
[debug] [2018-10-15T16:37:19.520Z] Starting @google-cloud/functions-emulator
[debug] [2018-10-15T16:37:23.838Z] Parsing function triggers
[info] +  functions: api: http://localhost:5000/techspardha-87928/us-central1/api
